Removed Pin From Net: NetName=D29 Pin=JP1-3
Removed Pin From Net: NetName=IFCLK Pin=JP1-5
Removed Pin From Net: NetName=D26 Pin=JP1-6
Removed Pin From Net: NetName=CLKOUT Pin=JP1-7
Removed Pin From Net: NetName=D24 Pin=JP1-8
Removed Pin From Net: NetName=D23 Pin=JP1-9
Removed Pin From Net: NetName=D22 Pin=JP1-10
Removed Pin From Net: NetName=D21 Pin=JP1-11
Removed Pin From Net: NetName=D20 Pin=JP1-12
Removed Pin From Net: NetName=ADDR0 Pin=JP1-13
Removed Pin From Net: NetName=ADDR1 Pin=JP1-14
Removed Pin From Net: NetName=D17 Pin=JP1-15
Removed Pin From Net: NetName=D16 Pin=JP1-16
Removed Pin From Net: NetName=D15 Pin=JP1-17
Removed Pin From Net: NetName=D14 Pin=JP1-18
Removed Pin From Net: NetName=D13 Pin=JP1-19
Removed Pin From Net: NetName=D12 Pin=JP1-20
Removed Pin From Net: NetName=D11 Pin=JP1-21
Removed Pin From Net: NetName=D10 Pin=JP1-22
Removed Pin From Net: NetName=D9 Pin=JP1-23
Removed Pin From Net: NetName=D8 Pin=JP1-24
Removed Pin From Net: NetName=D7 Pin=JP1-25
Removed Pin From Net: NetName=D6 Pin=JP1-26
Removed Pin From Net: NetName=D5 Pin=JP1-27
Removed Pin From Net: NetName=D4 Pin=JP1-28
Removed Pin From Net: NetName=D3 Pin=JP1-29
Removed Pin From Net: NetName=D2 Pin=JP1-30
Removed Pin From Net: NetName=D1 Pin=JP1-31
Removed Pin From Net: NetName=D0 Pin=JP1-32
Removed Pin From Net: NetName=GND Pin=JP1-33
Removed Pin From Net: NetName=GND Pin=JP1-34
Added Pin To Net: NetName=GND Pin=JP1-3
Added Pin To Net: NetName=GND Pin=JP1-4
Added Pin To Net: NetName=D0 Pin=JP1-5
Added Pin To Net: NetName=D1 Pin=JP1-6
Added Pin To Net: NetName=D2 Pin=JP1-7
Added Pin To Net: NetName=D3 Pin=JP1-8
Added Pin To Net: NetName=D4 Pin=JP1-9
Added Pin To Net: NetName=D5 Pin=JP1-10
Added Pin To Net: NetName=D6 Pin=JP1-11
Added Pin To Net: NetName=D7 Pin=JP1-12
Added Pin To Net: NetName=D8 Pin=JP1-13
Added Pin To Net: NetName=D9 Pin=JP1-14
Added Pin To Net: NetName=D10 Pin=JP1-15
Added Pin To Net: NetName=D11 Pin=JP1-16
Added Pin To Net: NetName=D12 Pin=JP1-17
Added Pin To Net: NetName=D13 Pin=JP1-18
Added Pin To Net: NetName=D14 Pin=JP1-19
Added Pin To Net: NetName=D15 Pin=JP1-20
Added Pin To Net: NetName=D16 Pin=JP1-21
Added Pin To Net: NetName=D17 Pin=JP1-22
Added Pin To Net: NetName=ADDR1 Pin=JP1-23
Added Pin To Net: NetName=ADDR0 Pin=JP1-24
Added Pin To Net: NetName=D20 Pin=JP1-25
Added Pin To Net: NetName=D21 Pin=JP1-26
Added Pin To Net: NetName=D22 Pin=JP1-27
Added Pin To Net: NetName=D23 Pin=JP1-28
Added Pin To Net: NetName=D24 Pin=JP1-29
Added Pin To Net: NetName=CLKOUT Pin=JP1-30
Added Pin To Net: NetName=D26 Pin=JP1-31
Added Pin To Net: NetName=IFCLK Pin=JP1-32
Added Pin To Net: NetName=D29 Pin=JP1-34
